<?xml version="1.0" encoding="UTF-8"?>
<!-- Generated by org.testng.reporters.JUnitReportReporter -->
<testsuite hostname="DESKTOP-F88U94P" failures="0" tests="1" name="testCases.TC_PlayGame" time="29.042" errors="0" timestamp="15 Mar 2021 12:15:46 GMT" skipped="0">
  <testcase classname="testCases.TC_PlayGame" name="play" time="29.042"/>
</testsuite> <!-- testCases.TC_PlayGame -->
